[0114/200357.945:ERROR:service_worker_storage.cc(1941)] Failed to delete the database: Database IO error
[0114/200401.975:ERROR:service_worker_storage.cc(1941)] Failed to delete the database: Database IO error
[0114/200405.913:ERROR:service_worker_storage.cc(1941)] Failed to delete the database: Database IO error
[0114/200409.827:ERROR:service_worker_storage.cc(1941)] Failed to delete the database: Database IO error
[0114/200416.855:ERROR:cache_util_win.cc(20)] Unable to move the cache: Отказано в доступе. (0x5)
[0114/200416.868:ERROR:disk_cache.cc(205)] Unable to create cache
[0114/200416.877:ERROR:cache_util_win.cc(20)] Unable to move the cache: Отказано в доступе. (0x5)
[0114/200416.884:ERROR:cache_util_win.cc(20)] Unable to move the cache: Отказано в доступе. (0x5)
[0114/200416.886:ERROR:gpu_disk_cache.cc(673)] Gpu Cache Creation failed: -2
[0114/200416.884:ERROR:cache_util_win.cc(20)] Unable to move the cache: Отказано в доступе. (0x5)
[0114/200416.892:ERROR:disk_cache.cc(205)] Unable to create cache
[0114/200416.895:ERROR:gpu_disk_cache.cc(673)] Gpu Cache Creation failed: -2
[0114/200416.856:ERROR:cache_util_win.cc(20)] Unable to move the cache: Отказано в доступе. (0x5)
[0114/200416.895:ERROR:disk_cache.cc(205)] Unable to create cache
[0114/200416.896:ERROR:disk_cache.cc(205)] Unable to create cache
[0114/200416.896:ERROR:gpu_disk_cache.cc(673)] Gpu Cache Creation failed: -2
[0114/200416.897:ERROR:gpu_disk_cache.cc(673)] Gpu Cache Creation failed: -2
[0114/200416.902:ERROR:disk_cache.cc(205)] Unable to create cache
[0114/200416.902:ERROR:gpu_disk_cache.cc(673)] Gpu Cache Creation failed: -2
[0114/200416.906:ERROR:cache_util_win.cc(20)] Unable to move the cache: Отказано в доступе. (0x5)
[0114/200416.907:ERROR:disk_cache.cc(205)] Unable to create cache
[0114/200416.909:ERROR:gpu_disk_cache.cc(673)] Gpu Cache Creation failed: -2
[0114/200420.276:INFO:CONSOLE(59)] "ErrorUtils caught an error:

Failed to register a ServiceWorker: The document is in an invalid state.

Subsequent non-fatal errors won't be logged; see https://fburl.com/debugjs.", source: https://static.cdninstagram.com/rsrc.php/v3/yR/r/lK96Zgpb3-V.js?_nc_x=Ij3Wp8lg5Kz (59)
[0114/200425.113:ERROR:leveldb_factory.cc(88)] Failed to open LevelDB database from C:\MyWork\Orders\InstaTeleAnalyzer\Cache\Default\IndexedDB\https_www.instagram.com_0.indexeddb.leveldb,IO error: C:\MyWork\Orders\InstaTeleAnalyzer\Cache\Default\IndexedDB\https_www.instagram.com_0.indexeddb.leveldb/LOCK: File currently in use. (ChromeMethodBFE: 15::LockFile::2)
[0114/200425.099:ERROR:leveldb_factory.cc(88)] Failed to open LevelDB database from C:\MyWork\Orders\InstaTeleAnalyzer\Cache\Default\IndexedDB\https_www.instagram.com_0.indexeddb.leveldb,IO error: C:\MyWork\Orders\InstaTeleAnalyzer\Cache\Default\IndexedDB\https_www.instagram.com_0.indexeddb.leveldb/LOCK: File currently in use. (ChromeMethodBFE: 15::LockFile::2)
[0114/200425.155:ERROR:leveldb_factory.cc(88)] Failed to open LevelDB database from C:\MyWork\Orders\InstaTeleAnalyzer\Cache\Default\IndexedDB\https_www.instagram.com_0.indexeddb.leveldb,IO error: C:\MyWork\Orders\InstaTeleAnalyzer\Cache\Default\IndexedDB\https_www.instagram.com_0.indexeddb.leveldb/LOCK: File currently in use. (ChromeMethodBFE: 15::LockFile::2)
[0114/200425.423:ERROR:sandbox_origin_database.cc(190)] SandboxOriginDatabase failed at: Init@storage\browser\file_system\sandbox_origin_database.cc:94 with error: IO error: C:\MyWork\Orders\InstaTeleAnalyzer\Cache\Default\File System\Origins/LOCK: File currently in use. (ChromeMethodBFE: 15::LockFile::2)
[0114/200425.450:WARNING:sandbox_origin_database.cc(106)] Attempting to repair SandboxOriginDatabase.
[0114/200425.449:ERROR:sandbox_origin_database.cc(190)] SandboxOriginDatabase failed at: Init@storage\browser\file_system\sandbox_origin_database.cc:94 with error: IO error: C:\MyWork\Orders\InstaTeleAnalyzer\Cache\Default\File System\Origins/LOCK: File currently in use. (ChromeMethodBFE: 15::LockFile::2)
[0114/200425.550:WARNING:sandbox_origin_database.cc(106)] Attempting to repair SandboxOriginDatabase.
[0114/200427.159:ERROR:leveldb_factory.cc(88)] Failed to open LevelDB database from C:\MyWork\Orders\InstaTeleAnalyzer\Cache\Default\IndexedDB\https_www.instagram.com_0.indexeddb.leveldb,IO error: C:\MyWork\Orders\InstaTeleAnalyzer\Cache\Default\IndexedDB\https_www.instagram.com_0.indexeddb.leveldb/LOCK: File currently in use. (ChromeMethodBFE: 15::LockFile::2)
[0114/200427.241:ERROR:leveldb_factory.cc(88)] Failed to open LevelDB database from C:\MyWork\Orders\InstaTeleAnalyzer\Cache\Default\IndexedDB\https_www.instagram.com_0.indexeddb.leveldb,IO error: C:\MyWork\Orders\InstaTeleAnalyzer\Cache\Default\IndexedDB\https_www.instagram.com_0.indexeddb.leveldb/LOCK: File currently in use. (ChromeMethodBFE: 15::LockFile::2)
[0114/200427.297:ERROR:leveldb_factory.cc(88)] Failed to open LevelDB database from C:\MyWork\Orders\InstaTeleAnalyzer\Cache\Default\IndexedDB\https_www.instagram.com_0.indexeddb.leveldb,IO error: C:\MyWork\Orders\InstaTeleAnalyzer\Cache\Default\IndexedDB\https_www.instagram.com_0.indexeddb.leveldb/LOCK: File currently in use. (ChromeMethodBFE: 15::LockFile::2)
[0114/200429.504:WARNING:sandbox_origin_database.cc(140)] Failed to repair SandboxOriginDatabase.
[0114/200429.849:WARNING:sandbox_origin_database.cc(140)] Failed to repair SandboxOriginDatabase.
[0114/200431.560:ERROR:sandbox_origin_database.cc(190)] SandboxOriginDatabase failed at: Init@storage\browser\file_system\sandbox_origin_database.cc:94 with error: IO error: C:\MyWork\Orders\InstaTeleAnalyzer\Cache\Default\File System\Origins/LOCK: File currently in use. (ChromeMethodBFE: 15::LockFile::2)
[0114/200431.562:WARNING:sandbox_origin_database.cc(106)] Attempting to repair SandboxOriginDatabase.
[0114/200431.890:ERROR:sandbox_origin_database.cc(190)] SandboxOriginDatabase failed at: Init@storage\browser\file_system\sandbox_origin_database.cc:94 with error: IO error: C:\MyWork\Orders\InstaTeleAnalyzer\Cache\Default\File System\Origins/LOCK: File currently in use. (ChromeMethodBFE: 15::LockFile::2)
[0114/200431.891:WARNING:sandbox_origin_database.cc(106)] Attempting to repair SandboxOriginDatabase.
[0114/200435.644:WARNING:sandbox_origin_database.cc(140)] Failed to repair SandboxOriginDatabase.
[0114/200435.944:WARNING:sandbox_origin_database.cc(140)] Failed to repair SandboxOriginDatabase.
